0 info it worked if it ends with ok
1 verbose cli [ '/usr/local/node/bin/node',
1 verbose cli   '/usr/local/node/bin/npm',
1 verbose cli   'install',
1 verbose cli   'hapi',
1 verbose cli   'hapi-auth-cooki',
1 verbose cli   'good',
1 verbose cli   'good-console',
1 verbose cli   'lout',
1 verbose cli   'joi',
1 verbose cli   '--save' ]
2 info using npm@1.4.28
3 info using node@v0.10.32
4 warn package.json crypto@0.0.3 crypto is also the name of a node core module.
5 verbose readDependencies using package.json deps
6 verbose cache add [ 'hapi@^7.5.2', null ]
7 verbose cache add name=undefined spec="hapi@^7.5.2" args=["hapi@^7.5.2",null]
8 verbose parsed url { protocol: null,
8 verbose parsed url   slashes: null,
8 verbose parsed url   auth: null,
8 verbose parsed url   host: null,
8 verbose parsed url   port: null,
8 verbose parsed url   hostname: null,
8 verbose parsed url   hash: null,
8 verbose parsed url   search: null,
8 verbose parsed url   query: null,
8 verbose parsed url   pathname: 'hapi@^7.5.2',
8 verbose parsed url   path: 'hapi@^7.5.2',
8 verbose parsed url   href: 'hapi@^7.5.2' }
9 verbose cache add [ 'hapi-auth-cooki', null ]
10 verbose cache add name=undefined spec="hapi-auth-cooki" args=["hapi-auth-cooki",null]
11 verbose parsed url { protocol: null,
11 verbose parsed url   slashes: null,
11 verbose parsed url   auth: null,
11 verbose parsed url   host: null,
11 verbose parsed url   port: null,
11 verbose parsed url   hostname: null,
11 verbose parsed url   hash: null,
11 verbose parsed url   search: null,
11 verbose parsed url   query: null,
11 verbose parsed url   pathname: 'hapi-auth-cooki',
11 verbose parsed url   path: 'hapi-auth-cooki',
11 verbose parsed url   href: 'hapi-auth-cooki' }
12 verbose cache add [ 'good@^4.0.0', null ]
13 verbose cache add name=undefined spec="good@^4.0.0" args=["good@^4.0.0",null]
14 verbose parsed url { protocol: null,
14 verbose parsed url   slashes: null,
14 verbose parsed url   auth: null,
14 verbose parsed url   host: null,
14 verbose parsed url   port: null,
14 verbose parsed url   hostname: null,
14 verbose parsed url   hash: null,
14 verbose parsed url   search: null,
14 verbose parsed url   query: null,
14 verbose parsed url   pathname: 'good@^4.0.0',
14 verbose parsed url   path: 'good@^4.0.0',
14 verbose parsed url   href: 'good@^4.0.0' }
15 verbose cache add [ 'good-console@^2.0.1', null ]
16 verbose cache add name=undefined spec="good-console@^2.0.1" args=["good-console@^2.0.1",null]
17 verbose parsed url { protocol: null,
17 verbose parsed url   slashes: null,
17 verbose parsed url   auth: null,
17 verbose parsed url   host: null,
17 verbose parsed url   port: null,
17 verbose parsed url   hostname: null,
17 verbose parsed url   hash: null,
17 verbose parsed url   search: null,
17 verbose parsed url   query: null,
17 verbose parsed url   pathname: 'good-console@^2.0.1',
17 verbose parsed url   path: 'good-console@^2.0.1',
17 verbose parsed url   href: 'good-console@^2.0.1' }
18 verbose cache add [ 'lout@^5.1.2', null ]
19 verbose cache add name=undefined spec="lout@^5.1.2" args=["lout@^5.1.2",null]
20 verbose parsed url { protocol: null,
20 verbose parsed url   slashes: null,
20 verbose parsed url   auth: null,
20 verbose parsed url   host: null,
20 verbose parsed url   port: null,
20 verbose parsed url   hostname: null,
20 verbose parsed url   hash: null,
20 verbose parsed url   search: null,
20 verbose parsed url   query: null,
20 verbose parsed url   pathname: 'lout@^5.1.2',
20 verbose parsed url   path: 'lout@^5.1.2',
20 verbose parsed url   href: 'lout@^5.1.2' }
21 verbose cache add [ 'joi@^4.9.0', null ]
22 verbose cache add name=undefined spec="joi@^4.9.0" args=["joi@^4.9.0",null]
23 verbose parsed url { protocol: null,
23 verbose parsed url   slashes: null,
23 verbose parsed url   auth: null,
23 verbose parsed url   host: null,
23 verbose parsed url   port: null,
23 verbose parsed url   hostname: null,
23 verbose parsed url   hash: null,
23 verbose parsed url   search: null,
23 verbose parsed url   query: null,
23 verbose parsed url   pathname: 'joi@^4.9.0',
23 verbose parsed url   path: 'joi@^4.9.0',
23 verbose parsed url   href: 'joi@^4.9.0' }
24 verbose cache add name="hapi" spec="^7.5.2" args=["hapi","^7.5.2"]
25 verbose parsed url { protocol: null,
25 verbose parsed url   slashes: null,
25 verbose parsed url   auth: null,
25 verbose parsed url   host: null,
25 verbose parsed url   port: null,
25 verbose parsed url   hostname: null,
25 verbose parsed url   hash: null,
25 verbose parsed url   search: null,
25 verbose parsed url   query: null,
25 verbose parsed url   pathname: '^7.5.2',
25 verbose parsed url   path: '^7.5.2',
25 verbose parsed url   href: '^7.5.2' }
26 verbose addNamed [ 'hapi', '^7.5.2' ]
27 verbose addNamed [ null, '>=7.5.2-0 <8.0.0-0' ]
28 verbose cache add name="good" spec="^4.0.0" args=["good","^4.0.0"]
29 verbose parsed url { protocol: null,
29 verbose parsed url   slashes: null,
29 verbose parsed url   auth: null,
29 verbose parsed url   host: null,
29 verbose parsed url   port: null,
29 verbose parsed url   hostname: null,
29 verbose parsed url   hash: null,
29 verbose parsed url   search: null,
29 verbose parsed url   query: null,
29 verbose parsed url   pathname: '^4.0.0',
29 verbose parsed url   path: '^4.0.0',
29 verbose parsed url   href: '^4.0.0' }
30 verbose addNamed [ 'good', '^4.0.0' ]
31 verbose addNamed [ null, '>=4.0.0-0 <5.0.0-0' ]
32 verbose cache add name="good-console" spec="^2.0.1" args=["good-console","^2.0.1"]
33 verbose parsed url { protocol: null,
33 verbose parsed url   slashes: null,
33 verbose parsed url   auth: null,
33 verbose parsed url   host: null,
33 verbose parsed url   port: null,
33 verbose parsed url   hostname: null,
33 verbose parsed url   hash: null,
33 verbose parsed url   search: null,
33 verbose parsed url   query: null,
33 verbose parsed url   pathname: '^2.0.1',
33 verbose parsed url   path: '^2.0.1',
33 verbose parsed url   href: '^2.0.1' }
34 verbose addNamed [ 'good-console', '^2.0.1' ]
35 verbose addNamed [ null, '>=2.0.1-0 <3.0.0-0' ]
36 verbose cache add name="lout" spec="^5.1.2" args=["lout","^5.1.2"]
37 verbose parsed url { protocol: null,
37 verbose parsed url   slashes: null,
37 verbose parsed url   auth: null,
37 verbose parsed url   host: null,
37 verbose parsed url   port: null,
37 verbose parsed url   hostname: null,
37 verbose parsed url   hash: null,
37 verbose parsed url   search: null,
37 verbose parsed url   query: null,
37 verbose parsed url   pathname: '^5.1.2',
37 verbose parsed url   path: '^5.1.2',
37 verbose parsed url   href: '^5.1.2' }
38 verbose addNamed [ 'lout', '^5.1.2' ]
39 verbose addNamed [ null, '>=5.1.2-0 <6.0.0-0' ]
40 verbose cache add name="joi" spec="^4.9.0" args=["joi","^4.9.0"]
41 verbose parsed url { protocol: null,
41 verbose parsed url   slashes: null,
41 verbose parsed url   auth: null,
41 verbose parsed url   host: null,
41 verbose parsed url   port: null,
41 verbose parsed url   hostname: null,
41 verbose parsed url   hash: null,
41 verbose parsed url   search: null,
41 verbose parsed url   query: null,
41 verbose parsed url   pathname: '^4.9.0',
41 verbose parsed url   path: '^4.9.0',
41 verbose parsed url   href: '^4.9.0' }
42 verbose addNamed [ 'joi', '^4.9.0' ]
43 verbose addNamed [ null, '>=4.9.0-0 <5.0.0-0' ]
44 silly lockFile 82a90dc5-hapi-7-5-2 hapi@^7.5.2
45 verbose lock hapi@^7.5.2 /Users/Macbook/.npm/82a90dc5-hapi-7-5-2.lock
46 silly lockFile e1fa13c0-hapi-auth-cooki hapi-auth-cooki
47 verbose lock hapi-auth-cooki /Users/Macbook/.npm/e1fa13c0-hapi-auth-cooki.lock
48 silly lockFile ff5f065e-good-4-0-0 good@^4.0.0
49 verbose lock good@^4.0.0 /Users/Macbook/.npm/ff5f065e-good-4-0-0.lock
50 silly lockFile a5491bff-good-console-2-0-1 good-console@^2.0.1
51 verbose lock good-console@^2.0.1 /Users/Macbook/.npm/a5491bff-good-console-2-0-1.lock
52 silly lockFile ac678e06-lout-5-1-2 lout@^5.1.2
53 verbose lock lout@^5.1.2 /Users/Macbook/.npm/ac678e06-lout-5-1-2.lock
54 silly lockFile 5326c98d-joi-4-9-0 joi@^4.9.0
55 verbose lock joi@^4.9.0 /Users/Macbook/.npm/5326c98d-joi-4-9-0.lock
56 silly addNameRange { name: 'hapi', range: '>=7.5.2-0 <8.0.0-0', hasData: false }
57 silly addNameRange { name: 'good', range: '>=4.0.0-0 <5.0.0-0', hasData: false }
58 verbose request where is /hapi
59 verbose request registry https://registry.npmjs.org/
60 verbose request id a4adb32d96c12a29
61 verbose url raw /hapi
62 verbose url resolving [ 'https://registry.npmjs.org/', './hapi' ]
63 verbose url resolved https://registry.npmjs.org/hapi
64 verbose request where is https://registry.npmjs.org/hapi
65 info trying registry request attempt 1 at 15:57:27
66 http GET https://registry.npmjs.org/hapi
67 silly lockFile e1fa13c0-hapi-auth-cooki hapi-auth-cooki
68 silly lockFile e1fa13c0-hapi-auth-cooki hapi-auth-cooki
69 silly addNameRange { name: 'good-console',
69 silly addNameRange   range: '>=2.0.1-0 <3.0.0-0',
69 silly addNameRange   hasData: false }
70 verbose request where is /good
71 verbose request registry https://registry.npmjs.org/
72 verbose url raw /good
73 verbose url resolving [ 'https://registry.npmjs.org/', './good' ]
74 verbose url resolved https://registry.npmjs.org/good
75 verbose request where is https://registry.npmjs.org/good
76 info trying registry request attempt 1 at 15:57:27
77 http GET https://registry.npmjs.org/good
78 silly addNameRange { name: 'lout', range: '>=5.1.2-0 <6.0.0-0', hasData: false }
79 silly addNameRange { name: 'joi', range: '>=4.9.0-0 <5.0.0-0', hasData: false }
80 verbose addNamed [ 'hapi-auth-cooki', '' ]
81 verbose addNamed [ null, '*' ]
82 silly lockFile f7707c5b-hapi-auth-cooki hapi-auth-cooki@
83 verbose lock hapi-auth-cooki@ /Users/Macbook/.npm/f7707c5b-hapi-auth-cooki.lock
84 verbose request where is /good-console
85 verbose request registry https://registry.npmjs.org/
86 verbose url raw /good-console
87 verbose url resolving [ 'https://registry.npmjs.org/', './good-console' ]
88 verbose url resolved https://registry.npmjs.org/good-console
89 verbose request where is https://registry.npmjs.org/good-console
90 info trying registry request attempt 1 at 15:57:27
91 http GET https://registry.npmjs.org/good-console
92 verbose request where is /lout
93 verbose request registry https://registry.npmjs.org/
94 verbose url raw /lout
95 verbose url resolving [ 'https://registry.npmjs.org/', './lout' ]
96 verbose url resolved https://registry.npmjs.org/lout
97 verbose request where is https://registry.npmjs.org/lout
98 info trying registry request attempt 1 at 15:57:27
99 http GET https://registry.npmjs.org/lout
100 verbose request where is /joi
101 verbose request registry https://registry.npmjs.org/
102 verbose url raw /joi
103 verbose url resolving [ 'https://registry.npmjs.org/', './joi' ]
104 verbose url resolved https://registry.npmjs.org/joi
105 verbose request where is https://registry.npmjs.org/joi
106 info trying registry request attempt 1 at 15:57:27
107 http GET https://registry.npmjs.org/joi
108 silly addNameRange { name: 'hapi-auth-cooki', range: '*', hasData: false }
109 verbose request where is /hapi-auth-cooki
110 verbose request registry https://registry.npmjs.org/
111 verbose url raw /hapi-auth-cooki
112 verbose url resolving [ 'https://registry.npmjs.org/', './hapi-auth-cooki' ]
113 verbose url resolved https://registry.npmjs.org/hapi-auth-cooki
114 verbose request where is https://registry.npmjs.org/hapi-auth-cooki
115 info trying registry request attempt 1 at 15:57:27
116 http GET https://registry.npmjs.org/hapi-auth-cooki
117 http 200 https://registry.npmjs.org/lout
118 silly registry.get cb [ 200,
118 silly registry.get   { date: 'Fri, 12 Dec 2014 21:57:27 GMT',
118 silly registry.get     server: 'CouchDB/1.5.0 (Erlang OTP/R16B03)',
118 silly registry.get     etag: '"B9F2F2Y2KET99SQEN7VZH4G9T"',
118 silly registry.get     'content-type': 'application/json',
118 silly registry.get     'cache-control': 'max-age=60',
118 silly registry.get     'content-length': '62975',
118 silly registry.get     'accept-ranges': 'bytes',
118 silly registry.get     via: '1.1 varnish',
118 silly registry.get     age: '0',
118 silly registry.get     'x-served-by': 'cache-atl6229-ATL',
118 silly registry.get     'x-cache': 'MISS',
118 silly registry.get     'x-cache-hits': '0',
118 silly registry.get     'x-timer': 'S1418421447.571070,VS0,VE27',
118 silly registry.get     vary: 'Accept',
118 silly registry.get     'keep-alive': 'timeout=10, max=50',
118 silly registry.get     connection: 'Keep-Alive' } ]
119 http 200 https://registry.npmjs.org/good
120 silly registry.get cb [ 200,
120 silly registry.get   { date: 'Fri, 12 Dec 2014 21:57:27 GMT',
120 silly registry.get     server: 'CouchDB/1.5.0 (Erlang OTP/R16B03)',
120 silly registry.get     etag: '"HNPGUM59LUERI5F5E837968E"',
120 silly registry.get     'content-type': 'application/json',
120 silly registry.get     'cache-control': 'max-age=60',
120 silly registry.get     'content-length': '95555',
120 silly registry.get     'accept-ranges': 'bytes',
120 silly registry.get     via: '1.1 varnish',
120 silly registry.get     age: '0',
120 silly registry.get     'x-served-by': 'cache-atl6231-ATL',
120 silly registry.get     'x-cache': 'HIT',
120 silly registry.get     'x-cache-hits': '1',
120 silly registry.get     'x-timer': 'S1418421447.575437,VS0,VE22',
120 silly registry.get     vary: 'Accept',
120 silly registry.get     'keep-alive': 'timeout=10, max=50',
120 silly registry.get     connection: 'Keep-Alive' } ]
121 http 200 https://registry.npmjs.org/joi
122 silly registry.get cb [ 200,
122 silly registry.get   { date: 'Fri, 12 Dec 2014 21:57:27 GMT',
122 silly registry.get     server: 'CouchDB/1.5.0 (Erlang OTP/R16B03)',
122 silly registry.get     etag: '"CV7CSYYLWEQDNO14OV9APLE3Y"',
122 silly registry.get     'content-type': 'application/json',
122 silly registry.get     'cache-control': 'max-age=60',
122 silly registry.get     'content-length': '125666',
122 silly registry.get     'accept-ranges': 'bytes',
122 silly registry.get     via: '1.1 varnish',
122 silly registry.get     age: '10',
122 silly registry.get     'x-served-by': 'cache-atl6234-ATL',
122 silly registry.get     'x-cache': 'HIT',
122 silly registry.get     'x-cache-hits': '1',
122 silly registry.get     'x-timer': 'S1418421447.575958,VS0,VE0',
122 silly registry.get     vary: 'Accept',
122 silly registry.get     'keep-alive': 'timeout=10, max=50',
122 silly registry.get     connection: 'Keep-Alive' } ]
123 silly addNameRange number 2 { name: 'lout', range: '>=5.1.2-0 <6.0.0-0', hasData: true }
124 silly addNameRange versions [ 'lout',
124 silly addNameRange   [ '0.0.1',
124 silly addNameRange     '0.0.2',
124 silly addNameRange     '0.0.3',
124 silly addNameRange     '0.1.0',
124 silly addNameRange     '0.1.1',
124 silly addNameRange     '0.1.2',
124 silly addNameRange     '0.1.3',
124 silly addNameRange     '0.1.4',
124 silly addNameRange     '0.2.0',
124 silly addNameRange     '0.2.1',
124 silly addNameRange     '0.2.2',
124 silly addNameRange     '0.2.3',
124 silly addNameRange     '0.3.0',
124 silly addNameRange     '0.3.1',
124 silly addNameRange     '0.4.0',
124 silly addNameRange     '0.4.1',
124 silly addNameRange     '0.4.2',
124 silly addNameRange     '0.5.0',
124 silly addNameRange     '1.0.0',
124 silly addNameRange     '1.0.1',
124 silly addNameRange     '1.1.0',
124 silly addNameRange     '1.1.1',
124 silly addNameRange     '2.0.0',
124 silly addNameRange     '2.0.1',
124 silly addNameRange     '2.1.0',
124 silly addNameRange     '2.1.1',
124 silly addNameRange     '2.2.0',
124 silly addNameRange     '3.0.0',
124 silly addNameRange     '3.1.0',
124 silly addNameRange     '3.1.1',
124 silly addNameRange     '3.1.2',
124 silly addNameRange     '3.1.3',
124 silly addNameRange     '4.0.0',
124 silly addNameRange     '4.1.0',
124 silly addNameRange     '4.2.0',
124 silly addNameRange     '4.2.1',
124 silly addNameRange     '5.0.0',
124 silly addNameRange     '5.0.1',
124 silly addNameRange     '5.0.2',
124 silly addNameRange     '5.1.0',
124 silly addNameRange     '5.1.1',
124 silly addNameRange     '5.1.2',
124 silly addNameRange     '5.2.0',
124 silly addNameRange     '6.0.0-rc1',
124 silly addNameRange     '6.0.0-rc2',
124 silly addNameRange     '6.0.0',
124 silly addNameRange     '6.0.1' ] ]
125 verbose addNamed [ 'lout', '5.2.0' ]
126 verbose addNamed [ '5.2.0', '5.2.0' ]
127 silly lockFile 471b551b-lout-5-2-0 lout@5.2.0
128 verbose lock lout@5.2.0 /Users/Macbook/.npm/471b551b-lout-5-2-0.lock
129 http 200 https://registry.npmjs.org/hapi
130 silly registry.get cb [ 200,
130 silly registry.get   { date: 'Fri, 12 Dec 2014 21:57:27 GMT',
130 silly registry.get     server: 'CouchDB/1.5.0 (Erlang OTP/R16B03)',
130 silly registry.get     etag: '"4LHDXS0JQBN9OQ7OQPG5W46TE"',
130 silly registry.get     'content-type': 'application/json',
130 silly registry.get     'cache-control': 'max-age=60',
130 silly registry.get     'content-length': '242317',
130 silly registry.get     'accept-ranges': 'bytes',
130 silly registry.get     via: '1.1 varnish',
130 silly registry.get     age: '48',
130 silly registry.get     'x-served-by': 'cache-atl6220-ATL',
130 silly registry.get     'x-cache': 'HIT',
130 silly registry.get     'x-cache-hits': '1',
130 silly registry.get     'x-timer': 'S1418421447.570654,VS0,VE2',
130 silly registry.get     vary: 'Accept',
130 silly registry.get     'keep-alive': 'timeout=10, max=50',
130 silly registry.get     connection: 'Keep-Alive' } ]
131 silly lockFile e9360009-ry-npmjs-org-lout-lout-5-2-0-tgz https://registry.npmjs.org/lout/-/lout-5.2.0.tgz
132 verbose lock https://registry.npmjs.org/lout/-/lout-5.2.0.tgz /Users/Macbook/.npm/e9360009-ry-npmjs-org-lout-lout-5-2-0-tgz.lock
133 verbose addRemoteTarball [ 'https://registry.npmjs.org/lout/-/lout-5.2.0.tgz',
133 verbose addRemoteTarball   '7ff34f4dbe781452ccf1320d6552a0846a40e815' ]
134 silly addNameRange number 2 { name: 'good', range: '>=4.0.0-0 <5.0.0-0', hasData: true }
135 silly addNameRange versions [ 'good',
135 silly addNameRange   [ '0.0.1',
135 silly addNameRange     '0.0.2',
135 silly addNameRange     '0.1.0',
135 silly addNameRange     '0.1.1',
135 silly addNameRange     '0.1.2',
135 silly addNameRange     '0.1.3',
135 silly addNameRange     '0.1.4',
135 silly addNameRange     '0.1.5',
135 silly addNameRange     '0.1.6',
135 silly addNameRange     '0.1.7',
135 silly addNameRange     '0.1.8',
135 silly addNameRange     '0.2.0',
135 silly addNameRange     '0.3.0',
135 silly addNameRange     '0.4.0',
135 silly addNameRange     '0.5.0',
135 silly addNameRange     '0.5.1',
135 silly addNameRange     '0.5.2',
135 silly addNameRange     '0.5.3',
135 silly addNameRange     '0.5.4',
135 silly addNameRange     '0.5.5',
135 silly addNameRange     '0.5.6',
135 silly addNameRange     '0.5.7',
135 silly addNameRange     '0.5.8',
135 silly addNameRange     '0.5.9',
135 silly addNameRange     '0.5.10',
135 silly addNameRange     '0.5.11',
135 silly addNameRange     '0.5.12',
135 silly addNameRange     '0.5.13',
135 silly addNameRange     '0.5.14',
135 silly addNameRange     '0.5.15',
135 silly addNameRange     '0.5.16',
135 silly addNameRange     '0.6.0',
135 silly addNameRange     '0.6.2',
135 silly addNameRange     '0.6.3',
135 silly addNameRange     '0.7.0',
135 silly addNameRange     '0.8.0',
135 silly addNameRange     '0.8.1',
135 silly addNameRange     '0.9.0',
135 silly addNameRange     '0.10.0',
135 silly addNameRange     '0.11.0',
135 silly addNameRange     '0.11.1',
135 silly addNameRange     '0.12.0',
135 silly addNameRange     '0.12.1',
135 silly addNameRange     '0.12.2',
135 silly addNameRange     '0.12.3',
135 silly addNameRange     '1.0.0',
135 silly addNameRange     '2.0.0',
135 silly addNameRange     '2.1.0',
135 silly addNameRange     '2.1.1',
135 silly addNameRange     '2.1.2',
135 silly addNameRange     '2.2.0',
135 silly addNameRange     '2.2.1',
135 silly addNameRange     '2.2.3',
135 silly addNameRange     '2.3.0',
135 silly addNameRange     '3.0.1',
135 silly addNameRange     '3.1.0',
135 silly addNameRange     '2.4.2',
135 silly addNameRange     '2.5.0',
135 silly addNameRange     '3.1.1',
135 silly addNameRange     '4.0.0',
135 silly addNameRange     '2.5.1',
135 silly addNameRange     '4.0.1',
135 silly addNameRange     '4.0.2',
135 silly addNameRange     '5.0.0-rc1',
135 silly addNameRange     '5.0.0' ] ]
136 verbose addNamed [ 'good', '4.0.2' ]
137 verbose addNamed [ '4.0.2', '4.0.2' ]
138 silly lockFile d7c519c2-good-4-0-2 good@4.0.2
139 verbose lock good@4.0.2 /Users/Macbook/.npm/d7c519c2-good-4-0-2.lock
140 info retry fetch attempt 1 at 15:57:27
141 verbose fetch to= /var/folders/s_/l8q7_w6d3xqc_4f2r4k__bm00000gn/T/npm-35122-hmeAQ6Ae/registry.npmjs.org/lout/-/lout-5.2.0.tgz
142 http GET https://registry.npmjs.org/lout/-/lout-5.2.0.tgz
143 silly lockFile 6bd64393-ry-npmjs-org-good-good-4-0-2-tgz https://registry.npmjs.org/good/-/good-4.0.2.tgz
144 verbose lock https://registry.npmjs.org/good/-/good-4.0.2.tgz /Users/Macbook/.npm/6bd64393-ry-npmjs-org-good-good-4-0-2-tgz.lock
145 verbose addRemoteTarball [ 'https://registry.npmjs.org/good/-/good-4.0.2.tgz',
145 verbose addRemoteTarball   '076d446705a2f07e7b27c15d955bca4a25d802a4' ]
146 info retry fetch attempt 1 at 15:57:27
147 verbose fetch to= /var/folders/s_/l8q7_w6d3xqc_4f2r4k__bm00000gn/T/npm-35122-hmeAQ6Ae/registry.npmjs.org/good/-/good-4.0.2.tgz
148 http GET https://registry.npmjs.org/good/-/good-4.0.2.tgz
149 http 404 https://registry.npmjs.org/hapi-auth-cooki
150 verbose headers { date: 'Fri, 12 Dec 2014 21:57:27 GMT',
150 verbose headers   server: 'CouchDB/1.5.0 (Erlang OTP/R16B03)',
150 verbose headers   'content-type': 'application/json',
150 verbose headers   'cache-control': 'max-age=0',
150 verbose headers   'content-length': '52',
150 verbose headers   'accept-ranges': 'bytes',
150 verbose headers   via: '1.1 varnish',
150 verbose headers   age: '0',
150 verbose headers   'x-served-by': 'cache-atl6229-ATL',
150 verbose headers   'x-cache': 'MISS',
150 verbose headers   'x-cache-hits': '0',
150 verbose headers   'x-timer': 'S1418421447.701141,VS0,VE111',
150 verbose headers   'keep-alive': 'timeout=10, max=49',
150 verbose headers   connection: 'Keep-Alive' }
151 silly registry.get cb [ 404,
151 silly registry.get   { date: 'Fri, 12 Dec 2014 21:57:27 GMT',
151 silly registry.get     server: 'CouchDB/1.5.0 (Erlang OTP/R16B03)',
151 silly registry.get     'content-type': 'application/json',
151 silly registry.get     'cache-control': 'max-age=0',
151 silly registry.get     'content-length': '52',
151 silly registry.get     'accept-ranges': 'bytes',
151 silly registry.get     via: '1.1 varnish',
151 silly registry.get     age: '0',
151 silly registry.get     'x-served-by': 'cache-atl6229-ATL',
151 silly registry.get     'x-cache': 'MISS',
151 silly registry.get     'x-cache-hits': '0',
151 silly registry.get     'x-timer': 'S1418421447.701141,VS0,VE111',
151 silly registry.get     'keep-alive': 'timeout=10, max=49',
151 silly registry.get     connection: 'Keep-Alive' } ]
152 silly lockFile f7707c5b-hapi-auth-cooki hapi-auth-cooki@
153 silly lockFile f7707c5b-hapi-auth-cooki hapi-auth-cooki@
154 silly addNameRange number 2 { name: 'joi', range: '>=4.9.0-0 <5.0.0-0', hasData: true }
155 silly addNameRange versions [ 'joi',
155 silly addNameRange   [ '0.0.1',
155 silly addNameRange     '0.0.2',
155 silly addNameRange     '0.0.3',
155 silly addNameRange     '0.0.4',
155 silly addNameRange     '0.0.5',
155 silly addNameRange     '0.0.6',
155 silly addNameRange     '0.0.6-1',
155 silly addNameRange     '0.0.7',
155 silly addNameRange     '0.0.8',
155 silly addNameRange     '0.0.9',
155 silly addNameRange     '0.0.10',
155 silly addNameRange     '0.1.0',
155 silly addNameRange     '0.1.1',
155 silly addNameRange     '0.1.2',
155 silly addNameRange     '0.1.3',
155 silly addNameRange     '0.2.0',
155 silly addNameRange     '0.2.1',
155 silly addNameRange     '0.2.2',
155 silly addNameRange     '0.2.3',
155 silly addNameRange     '0.2.4',
155 silly addNameRange     '0.2.5',
155 silly addNameRange     '0.2.6',
155 silly addNameRange     '0.3.0',
155 silly addNameRange     '0.3.1',
155 silly addNameRange     '0.3.2',
155 silly addNameRange     '0.3.3',
155 silly addNameRange     '0.3.4',
155 silly addNameRange     '0.3.5',
155 silly addNameRange     '0.3.6',
155 silly addNameRange     '0.4.0',
155 silly addNameRange     '1.0.0',
155 silly addNameRange     '1.1.0',
155 silly addNameRange     '1.2.0',
155 silly addNameRange     '1.2.1',
155 silly addNameRange     '1.2.2',
155 silly addNameRange     '1.2.3',
155 silly addNameRange     '2.0.0',
155 silly addNameRange     '2.0.1',
155 silly addNameRange     '2.0.2',
155 silly addNameRange     '2.0.3',
155 silly addNameRange     '2.1.0',
155 silly addNameRange     '2.2.0',
155 silly addNameRange     '2.3.0',
155 silly addNameRange     '2.3.1',
155 silly addNameRange     '2.4.1',
155 silly addNameRange     '2.4.2',
155 silly addNameRange     '2.4.3',
155 silly addNameRange     '2.5.0',
155 silly addNameRange     '2.6.0',
155 silly addNameRange     '2.7.0',
155 silly addNameRange     '2.8.0',
155 silly addNameRange     '2.9.0',
155 silly addNameRange     '3.0.0',
155 silly addNameRange     '3.1.0',
155 silly addNameRange     '4.0.0',
155 silly addNameRange     '4.2.1',
155 silly addNameRange     '4.3.0',
155 silly addNameRange     '4.3.1',
155 silly addNameRange     '4.4.0',
155 silly addNameRange     '4.5.0',
155 silly addNameRange     '4.6.0',
155 silly addNameRange     '4.6.1',
155 silly addNameRange     '4.6.2',
155 silly addNameRange     '4.7.0',
155 silly addNameRange     '4.8.0',
155 silly addNameRange     '4.8.1',
155 silly addNameRange     '4.9.0',
155 silly addNameRange     '5.0.0',
155 silly addNameRange     '5.0.1',
155 silly addNameRange     '5.0.2' ] ]
156 verbose addNamed [ 'joi', '4.9.0' ]
157 verbose addNamed [ '4.9.0', '4.9.0' ]
158 silly lockFile 40f09f18-joi-4-9-0 joi@4.9.0
159 verbose lock joi@4.9.0 /Users/Macbook/.npm/40f09f18-joi-4-9-0.lock
160 silly lockFile 6341b7b8-stry-npmjs-org-joi-joi-4-9-0-tgz https://registry.npmjs.org/joi/-/joi-4.9.0.tgz
161 verbose lock https://registry.npmjs.org/joi/-/joi-4.9.0.tgz /Users/Macbook/.npm/6341b7b8-stry-npmjs-org-joi-joi-4-9-0-tgz.lock
162 verbose addRemoteTarball [ 'https://registry.npmjs.org/joi/-/joi-4.9.0.tgz',
162 verbose addRemoteTarball   '2355023363089ca01bc1fd079e72949f977baada' ]
163 info retry fetch attempt 1 at 15:57:27
164 verbose fetch to= /var/folders/s_/l8q7_w6d3xqc_4f2r4k__bm00000gn/T/npm-35122-hmeAQ6Ae/registry.npmjs.org/joi/-/joi-4.9.0.tgz
165 http GET https://registry.npmjs.org/joi/-/joi-4.9.0.tgz
166 silly addNameRange number 2 { name: 'hapi', range: '>=7.5.2-0 <8.0.0-0', hasData: true }
167 silly addNameRange versions [ 'hapi',
167 silly addNameRange   [ '0.0.1',
167 silly addNameRange     '0.0.2',
167 silly addNameRange     '0.0.3',
167 silly addNameRange     '0.0.4',
167 silly addNameRange     '0.0.5',
167 silly addNameRange     '0.0.6',
167 silly addNameRange     '0.1.0',
167 silly addNameRange     '0.1.1',
167 silly addNameRange     '0.1.2',
167 silly addNameRange     '0.1.3',
167 silly addNameRange     '0.2.0',
167 silly addNameRange     '0.2.1',
167 silly addNameRange     '0.3.0',
167 silly addNameRange     '0.4.0',
167 silly addNameRange     '0.4.1',
167 silly addNameRange     '0.4.2',
167 silly addNameRange     '0.4.3',
167 silly addNameRange     '0.4.4',
167 silly addNameRange     '0.5.0',
167 silly addNameRange     '0.5.1',
167 silly addNameRange     '0.6.0',
167 silly addNameRange     '0.6.1',
167 silly addNameRange     '0.5.2',
167 silly addNameRange     '0.7.0',
167 silly addNameRange     '0.7.1',
167 silly addNameRange     '0.8.0',
167 silly addNameRange     '0.8.1',
167 silly addNameRange     '0.8.2',
167 silly addNameRange     '0.8.3',
167 silly addNameRange     '0.8.4',
167 silly addNameRange     '0.9.0',
167 silly addNameRange     '0.9.1',
167 silly addNameRange     '0.9.2',
167 silly addNameRange     '0.10.0',
167 silly addNameRange     '0.10.1',
167 silly addNameRange     '0.11.0',
167 silly addNameRange     '0.11.1',
167 silly addNameRange     '0.11.2',
167 silly addNameRange     '0.11.3',
167 silly addNameRange     '0.12.0',
167 silly addNameRange     '0.13.0',
167 silly addNameRange     '0.13.1',
167 silly addNameRange     '0.13.2',
167 silly addNameRange     '0.11.4',
167 silly addNameRange     '0.13.3',
167 silly addNameRange     '0.14.0',
167 silly addNameRange     '0.14.1',
167 silly addNameRange     '0.14.2',
167 silly addNameRange     '0.15.0',
167 silly addNameRange     '0.15.1',
167 silly addNameRange     '0.15.2',
167 silly addNameRange     '0.15.3',
167 silly addNameRange     '0.15.4',
167 silly addNameRange     '0.15.5',
167 silly addNameRange     '0.15.6',
167 silly addNameRange     '0.15.7',
167 silly addNameRange     '0.15.8',
167 silly addNameRange     '0.15.9',
167 silly addNameRange     '0.16.0',
167 silly addNameRange     '1.0.0',
167 silly addNameRange     '1.0.1',
167 silly addNameRange     '1.0.2',
167 silly addNameRange     '1.0.3',
167 silly addNameRange     '1.1.0',
167 silly addNameRange     '1.2.0',
167 silly addNameRange     '1.3.0',
167 silly addNameRange     '1.4.0',
167 silly addNameRange     '1.5.0',
167 silly addNameRange     '1.6.0',
167 silly addNameRange     '1.6.1',
167 silly addNameRange     '1.6.2',
167 silly addNameRange     '1.7.0',
167 silly addNameRange     '1.7.1',
167 silly addNameRange     '1.7.2',
167 silly addNameRange     '1.7.3',
167 silly addNameRange     '1.8.0',
167 silly addNameRange     '1.8.1',
167 silly addNameRange     '1.8.2',
167 silly addNameRange     '1.8.3',
167 silly addNameRange     '1.9.0',
167 silly addNameRange     '1.9.1',
167 silly addNameRange     '1.9.2',
167 silly addNameRange     '1.9.3',
167 silly addNameRange     '1.9.4',
167 silly addNameRange     '1.9.5',
167 silly addNameRange     '1.9.6',
167 silly addNameRange     '1.9.7',
167 silly addNameRange     '1.10.0',
167 silly addNameRange     '1.11.0',
167 silly addNameRange     '1.11.1',
167 silly addNameRange     '1.12.0',
167 silly addNameRange     '1.13.0',
167 silly addNameRange     '1.14.0',
167 silly addNameRange     '1.15.0',
167 silly addNameRange     '1.16.0',
167 silly addNameRange     '1.16.1',
167 silly addNameRange     '1.17.0',
167 silly addNameRange     '1.18.0',
167 silly addNameRange     '1.19.0',
167 silly addNameRange     '1.19.1',
167 silly addNameRange     '1.19.2',
167 silly addNameRange     '1.19.3',
167 silly addNameRange     '1.19.4',
167 silly addNameRange     '1.19.5',
167 silly addNameRange     '1.20.0',
167 silly addNameRange     '2.0.0-preview',
167 silly addNameRange     '0.5.1-a',
167 silly addNameRange     '0.5.1-b',
167 silly addNameRange     '0.5.1-b2',
167 silly addNameRange     '0.5.1-c',
167 silly addNameRange     '2.0.0',
167 silly addNameRange     '2.1.0',
167 silly addNameRange     '2.1.1',
167 silly addNameRange     '2.1.2',
167 silly addNameRange     '2.2.0',
167 silly addNameRange     '2.3.0',
167 silly addNameRange     '2.4.0',
167 silly addNameRange     '2.5.0',
167 silly addNameRange     '2.6.0',
167 silly addNameRange     '3.0.0',
167 silly addNameRange     '3.0.1',
167 silly addNameRange     '3.0.2',
167 silly addNameRange     '3.1.0',
167 silly addNameRange     '4.0.0',
167 silly addNameRange     '4.0.1',
167 silly addNameRange     '4.0.2',
167 silly addNameRange     '4.0.3',
167 silly addNameRange     '4.1.0',
167 silly addNameRange     '4.1.1',
167 silly addNameRange     '4.1.2',
167 silly addNameRange     '4.1.3',
167 silly addNameRange     '4.1.4',
167 silly addNameRange     '5.0.0',
167 silly addNameRange     '5.1.0',
167 silly addNameRange     '6.0.0',
167 silly addNameRange     '6.0.1',
167 silly addNameRange     '6.0.2',
167 silly addNameRange     '6.1.0',
167 silly addNameRange     '6.2.0',
167 silly addNameRange     '6.2.1',
167 silly addNameRange     '6.2.2',
167 silly addNameRange     '6.3.0',
167 silly addNameRange     '6.4.0',
167 silly addNameRange     '6.5.0',
167 silly addNameRange     '6.5.1',
167 silly addNameRange     '6.6.0',
167 silly addNameRange     '6.7.0',
167 silly addNameRange     '6.7.1',
167 silly addNameRange     '6.8.0',
167 silly addNameRange     '6.8.1',
167 silly addNameRange     '6.9.0',
167 silly addNameRange     '6.10.0',
167 silly addNameRange     '6.11.0',
167 silly addNameRange     '6.11.1',
167 silly addNameRange     '7.0.0',
167 silly addNameRange     '7.0.1',
167 silly addNameRange     '7.1.0',
167 silly addNameRange     '7.1.1',
167 silly addNameRange     '7.2.0',
167 silly addNameRange     '7.3.0',
167 silly addNameRange     '7.4.0',
167 silly addNameRange     '7.5.0',
167 silly addNameRange     '7.5.1',
167 silly addNameRange     '7.5.2',
167 silly addNameRange     '8.0.0' ] ]
168 verbose addNamed [ 'hapi', '7.5.2' ]
169 verbose addNamed [ '7.5.2', '7.5.2' ]
170 silly lockFile adda9580-hapi-7-5-2 hapi@7.5.2
171 verbose lock hapi@7.5.2 /Users/Macbook/.npm/adda9580-hapi-7-5-2.lock
172 http 200 https://registry.npmjs.org/good-console
173 silly registry.get cb [ 200,
173 silly registry.get   { date: 'Fri, 12 Dec 2014 21:57:27 GMT',
173 silly registry.get     server: 'CouchDB/1.5.0 (Erlang OTP/R16B03)',
173 silly registry.get     etag: '"6QIOYIF8G8EC41UER58BS2UB7"',
173 silly registry.get     'content-type': 'application/json',
173 silly registry.get     'cache-control': 'max-age=60',
173 silly registry.get     'content-length': '9455',
173 silly registry.get     'accept-ranges': 'bytes',
173 silly registry.get     via: '1.1 varnish',
173 silly registry.get     age: '0',
173 silly registry.get     'x-served-by': 'cache-atl6225-ATL',
173 silly registry.get     'x-cache': 'MISS',
173 silly registry.get     'x-cache-hits': '0',
173 silly registry.get     'x-timer': 'S1418421447.565967,VS0,VE319',
173 silly registry.get     vary: 'Accept',
173 silly registry.get     'keep-alive': 'timeout=10, max=50',
173 silly registry.get     connection: 'Keep-Alive' } ]
174 silly lockFile 2b77d391-ry-npmjs-org-hapi-hapi-7-5-2-tgz https://registry.npmjs.org/hapi/-/hapi-7.5.2.tgz
175 verbose lock https://registry.npmjs.org/hapi/-/hapi-7.5.2.tgz /Users/Macbook/.npm/2b77d391-ry-npmjs-org-hapi-hapi-7-5-2-tgz.lock
176 verbose addRemoteTarball [ 'https://registry.npmjs.org/hapi/-/hapi-7.5.2.tgz',
176 verbose addRemoteTarball   'f7cab1e83ce270ce50acc2f1f54453a2315c4f0d' ]
177 info retry fetch attempt 1 at 15:57:27
178 verbose fetch to= /var/folders/s_/l8q7_w6d3xqc_4f2r4k__bm00000gn/T/npm-35122-hmeAQ6Ae/registry.npmjs.org/hapi/-/hapi-7.5.2.tgz
179 http GET https://registry.npmjs.org/hapi/-/hapi-7.5.2.tgz
180 silly addNameRange number 2 { name: 'good-console',
180 silly addNameRange   range: '>=2.0.1-0 <3.0.0-0',
180 silly addNameRange   hasData: true }
181 silly addNameRange versions [ 'good-console',
181 silly addNameRange   [ '0.0.1', '1.0.0', '2.0.0', '2.0.1', '2.1.0', '3.0.0', '3.0.1' ] ]
182 verbose addNamed [ 'good-console', '2.1.0' ]
183 verbose addNamed [ '2.1.0', '2.1.0' ]
184 silly lockFile 7d939194-good-console-2-1-0 good-console@2.1.0
185 verbose lock good-console@2.1.0 /Users/Macbook/.npm/7d939194-good-console-2-1-0.lock
186 silly lockFile d05720fd-d-console-good-console-2-1-0-tgz https://registry.npmjs.org/good-console/-/good-console-2.1.0.tgz
187 verbose lock https://registry.npmjs.org/good-console/-/good-console-2.1.0.tgz /Users/Macbook/.npm/d05720fd-d-console-good-console-2-1-0-tgz.lock
188 verbose addRemoteTarball [ 'https://registry.npmjs.org/good-console/-/good-console-2.1.0.tgz',
188 verbose addRemoteTarball   '8f7494f61d5e8f1ad31338b2647f4423cb1bde26' ]
189 info retry fetch attempt 1 at 15:57:27
190 verbose fetch to= /var/folders/s_/l8q7_w6d3xqc_4f2r4k__bm00000gn/T/npm-35122-hmeAQ6Ae/registry.npmjs.org/good-console/-/good-console-2.1.0.tgz
191 http GET https://registry.npmjs.org/good-console/-/good-console-2.1.0.tgz
192 http 200 https://registry.npmjs.org/lout/-/lout-5.2.0.tgz
193 http 200 https://registry.npmjs.org/joi/-/joi-4.9.0.tgz
194 http 200 https://registry.npmjs.org/hapi/-/hapi-7.5.2.tgz
195 http 200 https://registry.npmjs.org/good-console/-/good-console-2.1.0.tgz
196 silly lockFile e9360009-ry-npmjs-org-lout-lout-5-2-0-tgz https://registry.npmjs.org/lout/-/lout-5.2.0.tgz
197 silly lockFile e9360009-ry-npmjs-org-lout-lout-5-2-0-tgz https://registry.npmjs.org/lout/-/lout-5.2.0.tgz
198 silly lockFile d05720fd-d-console-good-console-2-1-0-tgz https://registry.npmjs.org/good-console/-/good-console-2.1.0.tgz
199 silly lockFile d05720fd-d-console-good-console-2-1-0-tgz https://registry.npmjs.org/good-console/-/good-console-2.1.0.tgz
200 silly lockFile 471b551b-lout-5-2-0 lout@5.2.0
201 silly lockFile 471b551b-lout-5-2-0 lout@5.2.0
202 silly lockFile 7d939194-good-console-2-1-0 good-console@2.1.0
203 silly lockFile 7d939194-good-console-2-1-0 good-console@2.1.0
204 silly lockFile ac678e06-lout-5-1-2 lout@^5.1.2
205 silly lockFile ac678e06-lout-5-1-2 lout@^5.1.2
206 silly lockFile a5491bff-good-console-2-0-1 good-console@^2.0.1
207 silly lockFile a5491bff-good-console-2-0-1 good-console@^2.0.1
208 silly lockFile 6341b7b8-stry-npmjs-org-joi-joi-4-9-0-tgz https://registry.npmjs.org/joi/-/joi-4.9.0.tgz
209 silly lockFile 6341b7b8-stry-npmjs-org-joi-joi-4-9-0-tgz https://registry.npmjs.org/joi/-/joi-4.9.0.tgz
210 silly lockFile 40f09f18-joi-4-9-0 joi@4.9.0
211 silly lockFile 40f09f18-joi-4-9-0 joi@4.9.0
212 silly lockFile 5326c98d-joi-4-9-0 joi@^4.9.0
213 silly lockFile 5326c98d-joi-4-9-0 joi@^4.9.0
214 silly lockFile 2b77d391-ry-npmjs-org-hapi-hapi-7-5-2-tgz https://registry.npmjs.org/hapi/-/hapi-7.5.2.tgz
215 silly lockFile 2b77d391-ry-npmjs-org-hapi-hapi-7-5-2-tgz https://registry.npmjs.org/hapi/-/hapi-7.5.2.tgz
216 silly lockFile adda9580-hapi-7-5-2 hapi@7.5.2
217 silly lockFile adda9580-hapi-7-5-2 hapi@7.5.2
218 silly lockFile 82a90dc5-hapi-7-5-2 hapi@^7.5.2
219 silly lockFile 82a90dc5-hapi-7-5-2 hapi@^7.5.2
220 http 200 https://registry.npmjs.org/good/-/good-4.0.2.tgz
221 silly lockFile 6bd64393-ry-npmjs-org-good-good-4-0-2-tgz https://registry.npmjs.org/good/-/good-4.0.2.tgz
222 silly lockFile 6bd64393-ry-npmjs-org-good-good-4-0-2-tgz https://registry.npmjs.org/good/-/good-4.0.2.tgz
223 silly lockFile d7c519c2-good-4-0-2 good@4.0.2
224 silly lockFile d7c519c2-good-4-0-2 good@4.0.2
225 silly lockFile ff5f065e-good-4-0-0 good@^4.0.0
226 silly lockFile ff5f065e-good-4-0-0 good@^4.0.0
227 error 404 404 Not Found: hapi-auth-cooki
227 error 404
227 error 404 'hapi-auth-cooki' is not in the npm registry.
227 error 404 You should bug the author to publish it
227 error 404 It was specified as a dependency of 'hapiest'
227 error 404
227 error 404 Note that you can also install from a
227 error 404 tarball, folder, or http url, or git url.
228 error System Darwin 14.0.0
229 error command "/usr/local/node/bin/node" "/usr/local/node/bin/npm" "install" "hapi" "hapi-auth-cooki" "good" "good-console" "lout" "joi" "--save"
230 error cwd /Users/Macbook/Documents/Code/test
231 error node -v v0.10.32
232 error npm -v 1.4.28
233 error code E404
234 verbose exit [ 1, true ]
